------------------------------------------------------------
C:\Python27\Scripts\pip run on 08/11/16 09:12:56
Downloading/unpacking csv
  Getting page https://pypi.python.org/simple/csv/
  Could not fetch URL https://pypi.python.org/simple/csv/: connection error: HTTPSConnectionPool(host='pypi.python.org', port=443): Max retries exceeded with url: /simple/csv/ (Caused by <class 'socket.gaierror'>: [Errno 11001] getaddrinfo failed)
  Will skip URL https://pypi.python.org/simple/csv/ when looking for download links for csv
  Getting page https://pypi.python.org/simple/
  Real name of requirement csv is csv
  URLs to search for versions for csv:
  * https://pypi.python.org/simple/csv/
  Getting page https://pypi.python.org/simple/csv/
  Analyzing links from page https://pypi.python.org/simple/csv/
  Could not find any downloads that satisfy the requirement csv
Cleaning up...
  Removing temporary dir c:\users\arash\appdata\local\temp\pip_build_Arash...
No distributions at all found for csv
Exception information:
Traceback (most recent call last):
  File "C:\Python27\lib\site-packages\pip\basecommand.py", line 122, in main
    status = self.run(options, args)
  File "C:\Python27\lib\site-packages\pip\commands\install.py", line 278, in run
    requirement_set.prepare_files(finder, force_root_egg_info=self.bundle, bundle=self.bundle)
  File "C:\Python27\lib\site-packages\pip\req.py", line 1177, in prepare_files
    url = finder.find_requirement(req_to_install, upgrade=self.upgrade)
  File "C:\Python27\lib\site-packages\pip\index.py", line 277, in find_requirement
    raise DistributionNotFound('No distributions at all found for %s' % req)
DistributionNotFound: No distributions at all found for csv
